<?xml version="1.0" encoding="UTF-8"?>
<!-- Generated by org.testng.reporters.JUnitXMLReporter -->
<testsuite ignored="3" hostname="DESKTOP-J71GJ2U" failures="1" tests="1" name="Test" time="11.956" errors="0" timestamp="29 Jul 2023 15:10:42 GMT">
  <testcase classname="tests.LoginTest" name="loginInvalidUsernameInvalidPassword" time="2.01">
    <failure type="java.lang.AssertionError" message="The following asserts failed:
	url mismatched expected [https://google.com] but found [https://nktechsolutions.com/membership-login/]">
      <![CDATA[java.lang.AssertionError: The following asserts failed:
url mismatched expected [https://google.com] but found [https://nktechsolutions.com/membership-login/]
at tests.LoginTest.loginInvalidUsernameInvalidPassword(LoginTest.java:35)
... Removed 30 stack frames]]>
    </failure>
  </testcase> <!-- loginInvalidUsernameInvalidPassword -->
  <testcase classname="tests.SecondPageTest" name="verifyAlert" time="0.0">
    <ignored/>
  </testcase> <!-- verifyAlert -->
  <testcase classname="tests.FirstPageTest" name="verifyJanuaryMonthDropdown" time="0.0">
    <ignored/>
  </testcase> <!-- verifyJanuaryMonthDropdown -->
  <testcase classname="tests.HomeTest" name="validateMenuOption" time="0.0">
    <ignored/>
  </testcase> <!-- validateMenuOption -->
</testsuite> <!-- Test -->
