<?xml version="1.0" encoding="UTF-8"?>
<testsuite xmlns:xsi="http://www.w3.org/2001/XMLSchema-instance" xsi:noNamespaceSchemaLocation="https://maven.apache.org/surefire/maven-surefire-plugin/xsd/surefire-test-report-3.0.xsd" version="3.0" name="TestSuite" time="12.915" tests="1" errors="0" skipped="0" failures="1">
  <properties>
[...]
</properties>
  <testcase name="loginInvalidUsernameInvalidPassword" classname="tests.LoginTest" time="2.025">
    <failure message="The following asserts failed:&#10;	url mismatched expected [https://google.com] but found [https://nktechsolutions.com/membership-login/]" type="java.lang.AssertionError">java.lang.AssertionError: 
The following asserts failed:
	url mismatched expected [https://google.com] but found [https://nktechsolutions.com/membership-login/]
	at tests.LoginTest.loginInvalidUsernameInvalidPassword(LoginTest.java:35)
</failure>
    <system-out><![CDATA[Typing: admin
After the assert
]]></system-out>
    <system-err><![CDATA[SLF4J: No SLF4J providers were found.
SLF4J: Defaulting to no-operation (NOP) logger implementation
SLF4J: See https://www.slf4j.org/codes.html#noProviders for further details.
Starting ChromeDriver 114.0.5735.90 (386bc09e8f4f2e025eddae123f36f6263096ae49-refs/branch-heads/5735@{#1052}) on port 10672
Only local connections are allowed.
Please see https://chromedriver.chromium.org/security-considerations for suggestions on keeping ChromeDriver safe.
ChromeDriver was started successfully.
[1690643434.524][WARNING]: This version of ChromeDriver has not been tested with Chrome version 115.
Jul 29, 2023 11:10:35 AM org.openqa.selenium.remote.ProtocolHandshake createSession
INFO: Detected dialect: W3C
]]></system-err>
  </testcase>
</testsuite>